MPASM  5.51                   SERKUT-KAYA.ASM   5-23-2014  13:39:25         PAGE  1


LOC  OBJECT CODE     LINE SOURCE TEXT
  VALUE

Warning[205]: Found directive in column 1. (LIST)
                      00001 LIST p=16F84A
Warning[205]: Found directive in column 1. (INCLUDE)
                      00002 INCLUDE "P16F84A.INC"
                      00001         LIST
                      00002 
                      00003 ;==========================================================================
                      00004 ;  MPASM PIC16F84A processor include
                      00005 ; 
                      00006 ;  (c) Copyright 1999-2013 Microchip Technology, All rights reserved
                      00007 ;==========================================================================
                      00008 
                      00208         LIST
Warning[205]: Found directive in column 1. (__CONFIG)
2007   3FF1           00003 __CONFIG _CP_OFF & _WDT_OFF & _PWRTE_ON & _XT_OSC
Warning[205]: Found directive in column 1. (ORG)
0000                  00004 ORG 0x00
  0000000E            00005 MEM EQU h'0E'
  0000000C            00006 SAYAC1 EQU H'0C'
  0000000D            00007 SAYAC2 EQU H'0D'
  0000000E            00008 SAYAC EQU H'0E'
Warning[203]: Found opcode in column 1. (CLRF)
0000   0186           00009 CLRF PORTB
Warning[203]: Found opcode in column 1. (BSF)
0001   1683           00010 BSF STATUS,5
Warning[203]: Found opcode in column 1. (MOVWF)
Message[302]: Register in operand not in bank 0.  Ensure that bank bits are correct.
0002   0085           00011 MOVWF TRISA
Warning[203]: Found opcode in column 1. (CLRF)
Message[302]: Register in operand not in bank 0.  Ensure that bank bits are correct.
0003   0186           00012 CLRF TRISB
Warning[203]: Found opcode in column 1. (BCF)
0004   1283           00013 BCF STATUS,5
                      00014 
0005                  00015 BASLA
Warning[203]: Found opcode in column 1. (MOVLW)
0005   3000           00016 MOVLW H'00'
Warning[203]: Found opcode in column 1. (MOVWF)
0006   008E           00017 MOVWF SAYAC
Warning[203]: Found opcode in column 1. (BCF)
0007   1006           00018 BCF PORTB,0
                      00019 
0008                  00020 BTNCNTRL
Warning[203]: Found opcode in column 1. (BTFSS)
0008   1C85           00021 BTFSS PORTA,1
Warning[203]: Found opcode in column 1. (GOTO)
0009   280B           00022 GOTO BTNCNTRL1
Warning[203]: Found opcode in column 1. (GOTO)
000A   280E           00023 GOTO DONGUU
                      00024 
000B                  00025 BTNCNTRL1
Warning[203]: Found opcode in column 1. (BTFSS)
000B   1D05           00026 BTFSS PORTA,2
MPASM  5.51                   SERKUT-KAYA.ASM   5-23-2014  13:39:25         PAGE  2


LOC  OBJECT CODE     LINE SOURCE TEXT
  VALUE

Warning[203]: Found opcode in column 1. (GOTO)
000C   2808           00027 GOTO BTNCNTRL
Warning[203]: Found opcode in column 1. (GOTO)
000D   2827           00028 GOTO DONGUU2
                      00029 
000E                  00030 DONGUU
Warning[203]: Found opcode in column 1. (MOVF)
000E   080E           00031 MOVF SAYAC,W
Warning[203]: Found opcode in column 1. (ANDLW)
000F   390F           00032 ANDLW B'00001111'
Warning[203]: Found opcode in column 1. (CALL)
0010   2015           00033 CALL YUKARI
Warning[203]: Found opcode in column 1. (MOVWF)
0011   0086           00034 MOVWF PORTB
Warning[203]: Found opcode in column 1. (INCF)
0012   0A8E           00035 INCF SAYAC,F
Warning[203]: Found opcode in column 1. (CALL)
0013   2040           00036 CALL GECIKME
Warning[203]: Found opcode in column 1. (GOTO)
0014   280E           00037 GOTO DONGUU
                      00038 
0015                  00039 YUKARI
Warning[203]: Found opcode in column 1. (ADDWF)
0015   0782           00040 ADDWF PCL,F
Warning[203]: Found opcode in column 1. (RETLW)
0016   343F           00041 RETLW H'3F'
Warning[203]: Found opcode in column 1. (RETLW)
0017   3406           00042 RETLW H'06'
Warning[203]: Found opcode in column 1. (RETLW)
0018   345B           00043 RETLW H'5B'
Warning[203]: Found opcode in column 1. (RETLW)
0019   344F           00044 RETLW H'4F'
Warning[203]: Found opcode in column 1. (RETLW)
001A   3466           00045 RETLW H'66'
Warning[203]: Found opcode in column 1. (RETLW)
001B   346D           00046 RETLW H'6D'
Warning[203]: Found opcode in column 1. (RETLW)
001C   347D           00047 RETLW H'7D'
Warning[203]: Found opcode in column 1. (RETLW)
001D   3407           00048 RETLW H'07'
Warning[203]: Found opcode in column 1. (RETLW)
001E   347F           00049 RETLW H'7F'
Warning[203]: Found opcode in column 1. (RETLW)
001F   346F           00050 RETLW H'6F'
Warning[203]: Found opcode in column 1. (RETLW)
0020   3477           00051 RETLW H'77'
Warning[203]: Found opcode in column 1. (RETLW)
0021   347C           00052 RETLW H'7C'
Warning[203]: Found opcode in column 1. (RETLW)
0022   3439           00053 RETLW H'39'
Warning[203]: Found opcode in column 1. (RETLW)
0023   345E           00054 RETLW H'5E'
Warning[203]: Found opcode in column 1. (RETLW)
MPASM  5.51                   SERKUT-KAYA.ASM   5-23-2014  13:39:25         PAGE  3


LOC  OBJECT CODE     LINE SOURCE TEXT
  VALUE

0024   3479           00055 RETLW H'79'
Warning[203]: Found opcode in column 1. (RETLW)
0025   3471           00056 RETLW H'71'
Warning[203]: Found opcode in column 1. (GOTO)
0026   2808           00057 GOTO BTNCNTRL
                      00058 
0027                  00059 DONGUU2
Warning[203]: Found opcode in column 1. (MOVF)
0027   080E           00060 MOVF SAYAC,W
Warning[203]: Found opcode in column 1. (ANDLW)
0028   390F           00061 ANDLW B'00001111'
Warning[203]: Found opcode in column 1. (CALL)
0029   202E           00062 CALL ASAGI
Warning[203]: Found opcode in column 1. (MOVWF)
002A   0086           00063 MOVWF PORTB
Warning[203]: Found opcode in column 1. (INCF)
002B   0A8E           00064 INCF SAYAC,F
Warning[203]: Found opcode in column 1. (CALL)
002C   2040           00065 CALL GECIKME
Warning[203]: Found opcode in column 1. (GOTO)
002D   2827           00066 GOTO DONGUU2
                      00067 
002E                  00068 ASAGI
Warning[203]: Found opcode in column 1. (ADDWF)
002E   0782           00069 ADDWF PCL,F
Warning[203]: Found opcode in column 1. (RETLW)
002F   3471           00070 RETLW H'71'
Warning[203]: Found opcode in column 1. (RETLW)
0030   3479           00071 RETLW H'79'
Warning[203]: Found opcode in column 1. (RETLW)
0031   345E           00072 RETLW H'5E'
Warning[203]: Found opcode in column 1. (RETLW)
0032   3439           00073 RETLW H'39'
Warning[203]: Found opcode in column 1. (RETLW)
0033   347C           00074 RETLW H'7C'
Warning[203]: Found opcode in column 1. (RETLW)
0034   3477           00075 RETLW H'77'
Warning[203]: Found opcode in column 1. (RETLW)
0035   346F           00076 RETLW H'6F'
Warning[203]: Found opcode in column 1. (RETLW)
0036   347F           00077 RETLW H'7F'
Warning[203]: Found opcode in column 1. (RETLW)
0037   3407           00078 RETLW H'07'
Warning[203]: Found opcode in column 1. (RETLW)
0038   347D           00079 RETLW H'7D'
Warning[203]: Found opcode in column 1. (RETLW)
0039   346D           00080 RETLW H'6D'
Warning[203]: Found opcode in column 1. (RETLW)
003A   3466           00081 RETLW H'66'
Warning[203]: Found opcode in column 1. (RETLW)
003B   344F           00082 RETLW H'4F'
Warning[203]: Found opcode in column 1. (RETLW)
003C   345B           00083 RETLW H'5B'
MPASM  5.51                   SERKUT-KAYA.ASM   5-23-2014  13:39:25         PAGE  4


LOC  OBJECT CODE     LINE SOURCE TEXT
  VALUE

Warning[203]: Found opcode in column 1. (RETLW)
003D   3406           00084 RETLW H'06'
Warning[203]: Found opcode in column 1. (RETLW)
003E   343F           00085 RETLW H'3F'
                      00086 
Warning[203]: Found opcode in column 1. (GOTO)
003F   2808           00087 GOTO BTNCNTRL
                      00088 
0040                  00089 GECIKME
Warning[203]: Found opcode in column 1. (MOVLW)
0040   30FF           00090 MOVLW H'FF'
Warning[203]: Found opcode in column 1. (MOVWF)
0041   008C           00091 MOVWF SAYAC1
0042                  00092 DONGU1
Warning[203]: Found opcode in column 1. (MOVLW)
0042   30FF           00093 MOVLW H'FF'
Warning[203]: Found opcode in column 1. (MOVWF)
0043   008D           00094 MOVWF SAYAC2
0044                  00095 DONGU2
Warning[203]: Found opcode in column 1. (DECFSZ)
0044   0B8D           00096 DECFSZ SAYAC2,F
Warning[203]: Found opcode in column 1. (GOTO)
0045   2844           00097 GOTO DONGU2
Warning[203]: Found opcode in column 1. (DECFSZ)
0046   0B8C           00098 DECFSZ SAYAC1,F
Warning[203]: Found opcode in column 1. (GOTO)
0047   2842           00099 GOTO DONGU1
Warning[203]: Found opcode in column 1. (RETURN)
0048   0008           00100 RETURN 
                      00101 
Warning[205]: Found directive in column 1. (END)
                      00102 END
MPASM  5.51                   SERKUT-KAYA.ASM   5-23-2014  13:39:25         PAGE  5


SYMBOL TABLE
  LABEL                             VALUE 

ASAGI                             0000002E
BASLA                             00000005
BTNCNTRL                          00000008
BTNCNTRL1                         0000000B
C                                 00000000
DC                                00000001
DONGU1                            00000042
DONGU2                            00000044
DONGUU                            0000000E
DONGUU2                           00000027
EEADR                             00000009
EECON1                            00000088
EECON2                            00000089
EEDATA                            00000008
EEIE                              00000006
EEIF                              00000004
F                                 00000001
FSR                               00000004
GECIKME                           00000040
GIE                               00000007
INDF                              00000000
INTCON                            0000000B
INTE                              00000004
INTEDG                            00000006
INTF                              00000001
IRP                               00000007
MEM                               0000000E
NOT_PD                            00000003
NOT_RBPU                          00000007
NOT_TO                            00000004
OPTION_REG                        00000081
PCL                               00000002
PCLATH                            0000000A
PORTA                             00000005
PORTB                             00000006
PS0                               00000000
PS1                               00000001
PS2                               00000002
PSA                               00000003
RA0                               00000000
RA1                               00000001
RA2                               00000002
RA3                               00000003
RA4                               00000004
RB0                               00000000
RB1                               00000001
RB2                               00000002
RB3                               00000003
RB4                               00000004
RB5                               00000005
RB6                               00000006
RB7                               00000007
RBIE                              00000003
MPASM  5.51                   SERKUT-KAYA.ASM   5-23-2014  13:39:25         PAGE  6


SYMBOL TABLE
  LABEL                             VALUE 

RBIF                              00000000
RD                                00000000
RP0                               00000005
RP1                               00000006
SAYAC                             0000000E
SAYAC1                            0000000C
SAYAC2                            0000000D
STATUS                            00000003
T0CS                              00000005
T0IE                              00000005
T0IF                              00000002
T0SE                              00000004
TMR0                              00000001
TMR0IE                            00000005
TMR0IF                            00000002
TRISA                             00000085
TRISA0                            00000000
TRISA1                            00000001
TRISA2                            00000002
TRISA3                            00000003
TRISA4                            00000004
TRISB                             00000086
TRISB0                            00000000
TRISB1                            00000001
TRISB2                            00000002
TRISB3                            00000003
TRISB4                            00000004
TRISB5                            00000005
TRISB6                            00000006
TRISB7                            00000007
W                                 00000000
WR                                00000001
WREN                              00000002
WRERR                             00000003
YUKARI                            00000015
Z                                 00000002
_CONFIG                           00002007
_CP_OFF                           00003FFF
_CP_ON                            0000000F
_DEVID1                           00002006
_FOSC_EXTRC                       00003FFF
_FOSC_HS                          00003FFE
_FOSC_LP                          00003FFC
_FOSC_XT                          00003FFD
_HS_OSC                           00003FFE
_IDLOC0                           00002000
_IDLOC1                           00002001
_IDLOC2                           00002002
_IDLOC3                           00002003
_LP_OSC                           00003FFC
_PWRTE_OFF                        00003FFF
_PWRTE_ON                         00003FF7
_RC_OSC                           00003FFF
MPASM  5.51                   SERKUT-KAYA.ASM   5-23-2014  13:39:25         PAGE  7


SYMBOL TABLE
  LABEL                             VALUE 

_WDTE_OFF                         00003FFB
_WDTE_ON                          00003FFF
_WDT_OFF                          00003FFB
_WDT_ON                           00003FFF
_XT_OSC                           00003FFD
__16F84A                          00000001
__DEBUG                           1


MEMORY USAGE MAP ('X' = Used,  '-' = Unused)

0000 : XXXXXXXXXXXXXXXX XXXXXXXXXXXXXXXX XXXXXXXXXXXXXXXX XXXXXXXXXXXXXXXX
0040 : XXXXXXXXX------- ---------------- ---------------- ----------------
2000 : -------X-------- ---------------- ---------------- ----------------

All other memory blocks unused.

Program Memory Words Used:    73
Program Memory Words Free:   951


Errors   :     0
Warnings :    78 reported,     0 suppressed
Messages :     2 reported,     0 suppressed

