Warning[205] C:\DOCUMENTS AND SETTINGS\MIKROLAB01\DESKTOP\SERKUT\SERKUT-KAYA.ASM 1 : Found directive in column 1. (LIST)
Warning[205] C:\DOCUMENTS AND SETTINGS\MIKROLAB01\DESKTOP\SERKUT\SERKUT-KAYA.ASM 2 : Found directive in column 1. (INCLUDE)
Warning[205] C:\DOCUMENTS AND SETTINGS\MIKROLAB01\DESKTOP\SERKUT\SERKUT-KAYA.ASM 3 : Found directive in column 1. (__CONFIG)
Warning[205] C:\DOCUMENTS AND SETTINGS\MIKROLAB01\DESKTOP\SERKUT\SERKUT-KAYA.ASM 4 : Found directive in column 1. (ORG)
Warning[203] C:\DOCUMENTS AND SETTINGS\MIKROLAB01\DESKTOP\SERKUT\SERKUT-KAYA.ASM 9 : Found opcode in column 1. (CLRF)
Warning[203] C:\DOCUMENTS AND SETTINGS\MIKROLAB01\DESKTOP\SERKUT\SERKUT-KAYA.ASM 10 : Found opcode in column 1. (BSF)
Warning[203] C:\DOCUMENTS AND SETTINGS\MIKROLAB01\DESKTOP\SERKUT\SERKUT-KAYA.ASM 11 : Found opcode in column 1. (MOVWF)
Message[302] C:\DOCUMENTS AND SETTINGS\MIKROLAB01\DESKTOP\SERKUT\SERKUT-KAYA.ASM 11 : Register in operand not in bank 0.  Ensure that bank bits are correct.
Warning[203] C:\DOCUMENTS AND SETTINGS\MIKROLAB01\DESKTOP\SERKUT\SERKUT-KAYA.ASM 12 : Found opcode in column 1. (CLRF)
Message[302] C:\DOCUMENTS AND SETTINGS\MIKROLAB01\DESKTOP\SERKUT\SERKUT-KAYA.ASM 12 : Register in operand not in bank 0.  Ensure that bank bits are correct.
Warning[203] C:\DOCUMENTS AND SETTINGS\MIKROLAB01\DESKTOP\SERKUT\SERKUT-KAYA.ASM 13 : Found opcode in column 1. (BCF)
Warning[203] C:\DOCUMENTS AND SETTINGS\MIKROLAB01\DESKTOP\SERKUT\SERKUT-KAYA.ASM 16 : Found opcode in column 1. (MOVLW)
Warning[203] C:\DOCUMENTS AND SETTINGS\MIKROLAB01\DESKTOP\SERKUT\SERKUT-KAYA.ASM 17 : Found opcode in column 1. (MOVWF)
Warning[203] C:\DOCUMENTS AND SETTINGS\MIKROLAB01\DESKTOP\SERKUT\SERKUT-KAYA.ASM 18 : Found opcode in column 1. (BCF)
Warning[203] C:\DOCUMENTS AND SETTINGS\MIKROLAB01\DESKTOP\SERKUT\SERKUT-KAYA.ASM 21 : Found opcode in column 1. (BTFSS)
Warning[203] C:\DOCUMENTS AND SETTINGS\MIKROLAB01\DESKTOP\SERKUT\SERKUT-KAYA.ASM 22 : Found opcode in column 1. (GOTO)
Warning[203] C:\DOCUMENTS AND SETTINGS\MIKROLAB01\DESKTOP\SERKUT\SERKUT-KAYA.ASM 23 : Found opcode in column 1. (GOTO)
Warning[203] C:\DOCUMENTS AND SETTINGS\MIKROLAB01\DESKTOP\SERKUT\SERKUT-KAYA.ASM 26 : Found opcode in column 1. (BTFSS)
Warning[203] C:\DOCUMENTS AND SETTINGS\MIKROLAB01\DESKTOP\SERKUT\SERKUT-KAYA.ASM 27 : Found opcode in column 1. (GOTO)
Warning[203] C:\DOCUMENTS AND SETTINGS\MIKROLAB01\DESKTOP\SERKUT\SERKUT-KAYA.ASM 28 : Found opcode in column 1. (GOTO)
Warning[203] C:\DOCUMENTS AND SETTINGS\MIKROLAB01\DESKTOP\SERKUT\SERKUT-KAYA.ASM 31 : Found opcode in column 1. (MOVF)
Warning[203] C:\DOCUMENTS AND SETTINGS\MIKROLAB01\DESKTOP\SERKUT\SERKUT-KAYA.ASM 32 : Found opcode in column 1. (ANDLW)
Warning[203] C:\DOCUMENTS AND SETTINGS\MIKROLAB01\DESKTOP\SERKUT\SERKUT-KAYA.ASM 33 : Found opcode in column 1. (CALL)
Warning[203] C:\DOCUMENTS AND SETTINGS\MIKROLAB01\DESKTOP\SERKUT\SERKUT-KAYA.ASM 34 : Found opcode in column 1. (MOVWF)
Warning[203] C:\DOCUMENTS AND SETTINGS\MIKROLAB01\DESKTOP\SERKUT\SERKUT-KAYA.ASM 35 : Found opcode in column 1. (INCF)
Warning[203] C:\DOCUMENTS AND SETTINGS\MIKROLAB01\DESKTOP\SERKUT\SERKUT-KAYA.ASM 36 : Found opcode in column 1. (CALL)
Warning[203] C:\DOCUMENTS AND SETTINGS\MIKROLAB01\DESKTOP\SERKUT\SERKUT-KAYA.ASM 37 : Found opcode in column 1. (GOTO)
Warning[203] C:\DOCUMENTS AND SETTINGS\MIKROLAB01\DESKTOP\SERKUT\SERKUT-KAYA.ASM 40 : Found opcode in column 1. (ADDWF)
Warning[203] C:\DOCUMENTS AND SETTINGS\MIKROLAB01\DESKTOP\SERKUT\SERKUT-KAYA.ASM 41 : Found opcode in column 1. (RETLW)
Warning[203] C:\DOCUMENTS AND SETTINGS\MIKROLAB01\DESKTOP\SERKUT\SERKUT-KAYA.ASM 42 : Found opcode in column 1. (RETLW)
Warning[203] C:\DOCUMENTS AND SETTINGS\MIKROLAB01\DESKTOP\SERKUT\SERKUT-KAYA.ASM 43 : Found opcode in column 1. (RETLW)
Warning[203] C:\DOCUMENTS AND SETTINGS\MIKROLAB01\DESKTOP\SERKUT\SERKUT-KAYA.ASM 44 : Found opcode in column 1. (RETLW)
Warning[203] C:\DOCUMENTS AND SETTINGS\MIKROLAB01\DESKTOP\SERKUT\SERKUT-KAYA.ASM 45 : Found opcode in column 1. (RETLW)
Warning[203] C:\DOCUMENTS AND SETTINGS\MIKROLAB01\DESKTOP\SERKUT\SERKUT-KAYA.ASM 46 : Found opcode in column 1. (RETLW)
Warning[203] C:\DOCUMENTS AND SETTINGS\MIKROLAB01\DESKTOP\SERKUT\SERKUT-KAYA.ASM 47 : Found opcode in column 1. (RETLW)
Warning[203] C:\DOCUMENTS AND SETTINGS\MIKROLAB01\DESKTOP\SERKUT\SERKUT-KAYA.ASM 48 : Found opcode in column 1. (RETLW)
Warning[203] C:\DOCUMENTS AND SETTINGS\MIKROLAB01\DESKTOP\SERKUT\SERKUT-KAYA.ASM 49 : Found opcode in column 1. (RETLW)
Warning[203] C:\DOCUMENTS AND SETTINGS\MIKROLAB01\DESKTOP\SERKUT\SERKUT-KAYA.ASM 50 : Found opcode in column 1. (RETLW)
Warning[203] C:\DOCUMENTS AND SETTINGS\MIKROLAB01\DESKTOP\SERKUT\SERKUT-KAYA.ASM 51 : Found opcode in column 1. (RETLW)
Warning[203] C:\DOCUMENTS AND SETTINGS\MIKROLAB01\DESKTOP\SERKUT\SERKUT-KAYA.ASM 52 : Found opcode in column 1. (RETLW)
Warning[203] C:\DOCUMENTS AND SETTINGS\MIKROLAB01\DESKTOP\SERKUT\SERKUT-KAYA.ASM 53 : Found opcode in column 1. (RETLW)
Warning[203] C:\DOCUMENTS AND SETTINGS\MIKROLAB01\DESKTOP\SERKUT\SERKUT-KAYA.ASM 54 : Found opcode in column 1. (RETLW)
Warning[203] C:\DOCUMENTS AND SETTINGS\MIKROLAB01\DESKTOP\SERKUT\SERKUT-KAYA.ASM 55 : Found opcode in column 1. (RETLW)
Warning[203] C:\DOCUMENTS AND SETTINGS\MIKROLAB01\DESKTOP\SERKUT\SERKUT-KAYA.ASM 56 : Found opcode in column 1. (RETLW)
Warning[203] C:\DOCUMENTS AND SETTINGS\MIKROLAB01\DESKTOP\SERKUT\SERKUT-KAYA.ASM 57 : Found opcode in column 1. (GOTO)
Warning[203] C:\DOCUMENTS AND SETTINGS\MIKROLAB01\DESKTOP\SERKUT\SERKUT-KAYA.ASM 60 : Found opcode in column 1. (MOVF)
Warning[203] C:\DOCUMENTS AND SETTINGS\MIKROLAB01\DESKTOP\SERKUT\SERKUT-KAYA.ASM 61 : Found opcode in column 1. (ANDLW)
Warning[203] C:\DOCUMENTS AND SETTINGS\MIKROLAB01\DESKTOP\SERKUT\SERKUT-KAYA.ASM 62 : Found opcode in column 1. (CALL)
Warning[203] C:\DOCUMENTS AND SETTINGS\MIKROLAB01\DESKTOP\SERKUT\SERKUT-KAYA.ASM 63 : Found opcode in column 1. (MOVWF)
Warning[203] C:\DOCUMENTS AND SETTINGS\MIKROLAB01\DESKTOP\SERKUT\SERKUT-KAYA.ASM 64 : Found opcode in column 1. (INCF)
Warning[203] C:\DOCUMENTS AND SETTINGS\MIKROLAB01\DESKTOP\SERKUT\SERKUT-KAYA.ASM 65 : Found opcode in column 1. (CALL)
Warning[203] C:\DOCUMENTS AND SETTINGS\MIKROLAB01\DESKTOP\SERKUT\SERKUT-KAYA.ASM 66 : Found opcode in column 1. (GOTO)
Warning[203] C:\DOCUMENTS AND SETTINGS\MIKROLAB01\DESKTOP\SERKUT\SERKUT-KAYA.ASM 69 : Found opcode in column 1. (ADDWF)
Warning[203] C:\DOCUMENTS AND SETTINGS\MIKROLAB01\DESKTOP\SERKUT\SERKUT-KAYA.ASM 70 : Found opcode in column 1. (RETLW)
Warning[203] C:\DOCUMENTS AND SETTINGS\MIKROLAB01\DESKTOP\SERKUT\SERKUT-KAYA.ASM 71 : Found opcode in column 1. (RETLW)
Warning[203] C:\DOCUMENTS AND SETTINGS\MIKROLAB01\DESKTOP\SERKUT\SERKUT-KAYA.ASM 72 : Found opcode in column 1. (RETLW)
Warning[203] C:\DOCUMENTS AND SETTINGS\MIKROLAB01\DESKTOP\SERKUT\SERKUT-KAYA.ASM 73 : Found opcode in column 1. (RETLW)
Warning[203] C:\DOCUMENTS AND SETTINGS\MIKROLAB01\DESKTOP\SERKUT\SERKUT-KAYA.ASM 74 : Found opcode in column 1. (RETLW)
Warning[203] C:\DOCUMENTS AND SETTINGS\MIKROLAB01\DESKTOP\SERKUT\SERKUT-KAYA.ASM 75 : Found opcode in column 1. (RETLW)
Warning[203] C:\DOCUMENTS AND SETTINGS\MIKROLAB01\DESKTOP\SERKUT\SERKUT-KAYA.ASM 76 : Found opcode in column 1. (RETLW)
Warning[203] C:\DOCUMENTS AND SETTINGS\MIKROLAB01\DESKTOP\SERKUT\SERKUT-KAYA.ASM 77 : Found opcode in column 1. (RETLW)
Warning[203] C:\DOCUMENTS AND SETTINGS\MIKROLAB01\DESKTOP\SERKUT\SERKUT-KAYA.ASM 78 : Found opcode in column 1. (RETLW)
Warning[203] C:\DOCUMENTS AND SETTINGS\MIKROLAB01\DESKTOP\SERKUT\SERKUT-KAYA.ASM 79 : Found opcode in column 1. (RETLW)
Warning[203] C:\DOCUMENTS AND SETTINGS\MIKROLAB01\DESKTOP\SERKUT\SERKUT-KAYA.ASM 80 : Found opcode in column 1. (RETLW)
Warning[203] C:\DOCUMENTS AND SETTINGS\MIKROLAB01\DESKTOP\SERKUT\SERKUT-KAYA.ASM 81 : Found opcode in column 1. (RETLW)
Warning[203] C:\DOCUMENTS AND SETTINGS\MIKROLAB01\DESKTOP\SERKUT\SERKUT-KAYA.ASM 82 : Found opcode in column 1. (RETLW)
Warning[203] C:\DOCUMENTS AND SETTINGS\MIKROLAB01\DESKTOP\SERKUT\SERKUT-KAYA.ASM 83 : Found opcode in column 1. (RETLW)
Warning[203] C:\DOCUMENTS AND SETTINGS\MIKROLAB01\DESKTOP\SERKUT\SERKUT-KAYA.ASM 84 : Found opcode in column 1. (RETLW)
Warning[203] C:\DOCUMENTS AND SETTINGS\MIKROLAB01\DESKTOP\SERKUT\SERKUT-KAYA.ASM 85 : Found opcode in column 1. (RETLW)
Warning[203] C:\DOCUMENTS AND SETTINGS\MIKROLAB01\DESKTOP\SERKUT\SERKUT-KAYA.ASM 87 : Found opcode in column 1. (GOTO)
Warning[203] C:\DOCUMENTS AND SETTINGS\MIKROLAB01\DESKTOP\SERKUT\SERKUT-KAYA.ASM 90 : Found opcode in column 1. (MOVLW)
Warning[203] C:\DOCUMENTS AND SETTINGS\MIKROLAB01\DESKTOP\SERKUT\SERKUT-KAYA.ASM 91 : Found opcode in column 1. (MOVWF)
Warning[203] C:\DOCUMENTS AND SETTINGS\MIKROLAB01\DESKTOP\SERKUT\SERKUT-KAYA.ASM 93 : Found opcode in column 1. (MOVLW)
Warning[203] C:\DOCUMENTS AND SETTINGS\MIKROLAB01\DESKTOP\SERKUT\SERKUT-KAYA.ASM 94 : Found opcode in column 1. (MOVWF)
Warning[203] C:\DOCUMENTS AND SETTINGS\MIKROLAB01\DESKTOP\SERKUT\SERKUT-KAYA.ASM 96 : Found opcode in column 1. (DECFSZ)
Warning[203] C:\DOCUMENTS AND SETTINGS\MIKROLAB01\DESKTOP\SERKUT\SERKUT-KAYA.ASM 97 : Found opcode in column 1. (GOTO)
Warning[203] C:\DOCUMENTS AND SETTINGS\MIKROLAB01\DESKTOP\SERKUT\SERKUT-KAYA.ASM 98 : Found opcode in column 1. (DECFSZ)
Warning[203] C:\DOCUMENTS AND SETTINGS\MIKROLAB01\DESKTOP\SERKUT\SERKUT-KAYA.ASM 99 : Found opcode in column 1. (GOTO)
Warning[203] C:\DOCUMENTS AND SETTINGS\MIKROLAB01\DESKTOP\SERKUT\SERKUT-KAYA.ASM 100 : Found opcode in column 1. (RETURN)
Warning[205] C:\DOCUMENTS AND SETTINGS\MIKROLAB01\DESKTOP\SERKUT\SERKUT-KAYA.ASM 102 : Found directive in column 1. (END)
