Warning[205] C:\DOCUMENTS AND SETTINGS\MIKROLAB01\DESKTOP\SERKUT\YENI METIN BELGESI.ASM 1 : Found directive in column 1. (LIST)
Warning[205] C:\DOCUMENTS AND SETTINGS\MIKROLAB01\DESKTOP\SERKUT\YENI METIN BELGESI.ASM 2 : Found directive in column 1. (INCLUDE)
Warning[205] C:\DOCUMENTS AND SETTINGS\MIKROLAB01\DESKTOP\SERKUT\YENI METIN BELGESI.ASM 3 : Found directive in column 1. (__CONFIG)
Warning[205] C:\DOCUMENTS AND SETTINGS\MIKROLAB01\DESKTOP\SERKUT\YENI METIN BELGESI.ASM 4 : Found directive in column 1. (ORG)
Warning[203] C:\DOCUMENTS AND SETTINGS\MIKROLAB01\DESKTOP\SERKUT\YENI METIN BELGESI.ASM 9 : Found opcode in column 1. (CLRF)
Warning[203] C:\DOCUMENTS AND SETTINGS\MIKROLAB01\DESKTOP\SERKUT\YENI METIN BELGESI.ASM 10 : Found opcode in column 1. (BSF)
Warning[203] C:\DOCUMENTS AND SETTINGS\MIKROLAB01\DESKTOP\SERKUT\YENI METIN BELGESI.ASM 11 : Found opcode in column 1. (CLRF)
Message[302] C:\DOCUMENTS AND SETTINGS\MIKROLAB01\DESKTOP\SERKUT\YENI METIN BELGESI.ASM 11 : Register in operand not in bank 0.  Ensure that bank bits are correct.
Warning[203] C:\DOCUMENTS AND SETTINGS\MIKROLAB01\DESKTOP\SERKUT\YENI METIN BELGESI.ASM 12 : Found opcode in column 1. (BCF)
Warning[203] C:\DOCUMENTS AND SETTINGS\MIKROLAB01\DESKTOP\SERKUT\YENI METIN BELGESI.ASM 13 : Found opcode in column 1. (BCF)
Warning[203] C:\DOCUMENTS AND SETTINGS\MIKROLAB01\DESKTOP\SERKUT\YENI METIN BELGESI.ASM 18 : Found opcode in column 1. (BTFSS)
Warning[203] C:\DOCUMENTS AND SETTINGS\MIKROLAB01\DESKTOP\SERKUT\YENI METIN BELGESI.ASM 19 : Found opcode in column 1. (GOTO)
Warning[203] C:\DOCUMENTS AND SETTINGS\MIKROLAB01\DESKTOP\SERKUT\YENI METIN BELGESI.ASM 20 : Found opcode in column 1. (GOTO)
Warning[203] C:\DOCUMENTS AND SETTINGS\MIKROLAB01\DESKTOP\SERKUT\YENI METIN BELGESI.ASM 23 : Found opcode in column 1. (BTFSS)
Warning[203] C:\DOCUMENTS AND SETTINGS\MIKROLAB01\DESKTOP\SERKUT\YENI METIN BELGESI.ASM 24 : Found opcode in column 1. (GOTO)
Warning[203] C:\DOCUMENTS AND SETTINGS\MIKROLAB01\DESKTOP\SERKUT\YENI METIN BELGESI.ASM 25 : Found opcode in column 1. (GOTO)
Warning[203] C:\DOCUMENTS AND SETTINGS\MIKROLAB01\DESKTOP\SERKUT\YENI METIN BELGESI.ASM 31 : Found opcode in column 1. (MOVF)
Warning[203] C:\DOCUMENTS AND SETTINGS\MIKROLAB01\DESKTOP\SERKUT\YENI METIN BELGESI.ASM 32 : Found opcode in column 1. (ANDLW)
Warning[203] C:\DOCUMENTS AND SETTINGS\MIKROLAB01\DESKTOP\SERKUT\YENI METIN BELGESI.ASM 33 : Found opcode in column 1. (CALL)
Warning[203] C:\DOCUMENTS AND SETTINGS\MIKROLAB01\DESKTOP\SERKUT\YENI METIN BELGESI.ASM 34 : Found opcode in column 1. (MOVWF)
Warning[203] C:\DOCUMENTS AND SETTINGS\MIKROLAB01\DESKTOP\SERKUT\YENI METIN BELGESI.ASM 35 : Found opcode in column 1. (INCF)
Warning[203] C:\DOCUMENTS AND SETTINGS\MIKROLAB01\DESKTOP\SERKUT\YENI METIN BELGESI.ASM 36 : Found opcode in column 1. (CALL)
Warning[203] C:\DOCUMENTS AND SETTINGS\MIKROLAB01\DESKTOP\SERKUT\YENI METIN BELGESI.ASM 37 : Found opcode in column 1. (GOTO)
Warning[203] C:\DOCUMENTS AND SETTINGS\MIKROLAB01\DESKTOP\SERKUT\YENI METIN BELGESI.ASM 40 : Found opcode in column 1. (MOVF)
Warning[203] C:\DOCUMENTS AND SETTINGS\MIKROLAB01\DESKTOP\SERKUT\YENI METIN BELGESI.ASM 41 : Found opcode in column 1. (ANDLW)
Warning[203] C:\DOCUMENTS AND SETTINGS\MIKROLAB01\DESKTOP\SERKUT\YENI METIN BELGESI.ASM 42 : Found opcode in column 1. (CALL)
Warning[203] C:\DOCUMENTS AND SETTINGS\MIKROLAB01\DESKTOP\SERKUT\YENI METIN BELGESI.ASM 43 : Found opcode in column 1. (MOVWF)
Warning[203] C:\DOCUMENTS AND SETTINGS\MIKROLAB01\DESKTOP\SERKUT\YENI METIN BELGESI.ASM 44 : Found opcode in column 1. (INCF)
Warning[203] C:\DOCUMENTS AND SETTINGS\MIKROLAB01\DESKTOP\SERKUT\YENI METIN BELGESI.ASM 45 : Found opcode in column 1. (CALL)
Warning[203] C:\DOCUMENTS AND SETTINGS\MIKROLAB01\DESKTOP\SERKUT\YENI METIN BELGESI.ASM 46 : Found opcode in column 1. (GOTO)
Warning[203] C:\DOCUMENTS AND SETTINGS\MIKROLAB01\DESKTOP\SERKUT\YENI METIN BELGESI.ASM 49 : Found opcode in column 1. (ADDWF)
Warning[203] C:\DOCUMENTS AND SETTINGS\MIKROLAB01\DESKTOP\SERKUT\YENI METIN BELGESI.ASM 50 : Found opcode in column 1. (RETLW)
Warning[203] C:\DOCUMENTS AND SETTINGS\MIKROLAB01\DESKTOP\SERKUT\YENI METIN BELGESI.ASM 51 : Found opcode in column 1. (RETLW)
Warning[203] C:\DOCUMENTS AND SETTINGS\MIKROLAB01\DESKTOP\SERKUT\YENI METIN BELGESI.ASM 52 : Found opcode in column 1. (RETLW)
Warning[203] C:\DOCUMENTS AND SETTINGS\MIKROLAB01\DESKTOP\SERKUT\YENI METIN BELGESI.ASM 53 : Found opcode in column 1. (RETLW)
Warning[203] C:\DOCUMENTS AND SETTINGS\MIKROLAB01\DESKTOP\SERKUT\YENI METIN BELGESI.ASM 54 : Found opcode in column 1. (RETLW)
Warning[203] C:\DOCUMENTS AND SETTINGS\MIKROLAB01\DESKTOP\SERKUT\YENI METIN BELGESI.ASM 55 : Found opcode in column 1. (RETLW)
Warning[203] C:\DOCUMENTS AND SETTINGS\MIKROLAB01\DESKTOP\SERKUT\YENI METIN BELGESI.ASM 56 : Found opcode in column 1. (RETLW)
Warning[203] C:\DOCUMENTS AND SETTINGS\MIKROLAB01\DESKTOP\SERKUT\YENI METIN BELGESI.ASM 57 : Found opcode in column 1. (RETLW)
Warning[203] C:\DOCUMENTS AND SETTINGS\MIKROLAB01\DESKTOP\SERKUT\YENI METIN BELGESI.ASM 58 : Found opcode in column 1. (RETLW)
Warning[203] C:\DOCUMENTS AND SETTINGS\MIKROLAB01\DESKTOP\SERKUT\YENI METIN BELGESI.ASM 59 : Found opcode in column 1. (RETLW)
Warning[203] C:\DOCUMENTS AND SETTINGS\MIKROLAB01\DESKTOP\SERKUT\YENI METIN BELGESI.ASM 60 : Found opcode in column 1. (RETLW)
Warning[203] C:\DOCUMENTS AND SETTINGS\MIKROLAB01\DESKTOP\SERKUT\YENI METIN BELGESI.ASM 61 : Found opcode in column 1. (RETLW)
Warning[203] C:\DOCUMENTS AND SETTINGS\MIKROLAB01\DESKTOP\SERKUT\YENI METIN BELGESI.ASM 62 : Found opcode in column 1. (RETLW)
Warning[203] C:\DOCUMENTS AND SETTINGS\MIKROLAB01\DESKTOP\SERKUT\YENI METIN BELGESI.ASM 63 : Found opcode in column 1. (RETLW)
Warning[203] C:\DOCUMENTS AND SETTINGS\MIKROLAB01\DESKTOP\SERKUT\YENI METIN BELGESI.ASM 64 : Found opcode in column 1. (RETLW)
Warning[203] C:\DOCUMENTS AND SETTINGS\MIKROLAB01\DESKTOP\SERKUT\YENI METIN BELGESI.ASM 65 : Found opcode in column 1. (RETLW)
Warning[203] C:\DOCUMENTS AND SETTINGS\MIKROLAB01\DESKTOP\SERKUT\YENI METIN BELGESI.ASM 66 : Found opcode in column 1. (GOTO)
Warning[203] C:\DOCUMENTS AND SETTINGS\MIKROLAB01\DESKTOP\SERKUT\YENI METIN BELGESI.ASM 70 : Found opcode in column 1. (ADDWF)
Warning[203] C:\DOCUMENTS AND SETTINGS\MIKROLAB01\DESKTOP\SERKUT\YENI METIN BELGESI.ASM 71 : Found opcode in column 1. (RETLW)
Warning[203] C:\DOCUMENTS AND SETTINGS\MIKROLAB01\DESKTOP\SERKUT\YENI METIN BELGESI.ASM 72 : Found opcode in column 1. (RETLW)
Warning[203] C:\DOCUMENTS AND SETTINGS\MIKROLAB01\DESKTOP\SERKUT\YENI METIN BELGESI.ASM 73 : Found opcode in column 1. (RETLW)
Warning[203] C:\DOCUMENTS AND SETTINGS\MIKROLAB01\DESKTOP\SERKUT\YENI METIN BELGESI.ASM 74 : Found opcode in column 1. (RETLW)
Warning[203] C:\DOCUMENTS AND SETTINGS\MIKROLAB01\DESKTOP\SERKUT\YENI METIN BELGESI.ASM 75 : Found opcode in column 1. (RETLW)
Warning[203] C:\DOCUMENTS AND SETTINGS\MIKROLAB01\DESKTOP\SERKUT\YENI METIN BELGESI.ASM 76 : Found opcode in column 1. (RETLW)
Warning[203] C:\DOCUMENTS AND SETTINGS\MIKROLAB01\DESKTOP\SERKUT\YENI METIN BELGESI.ASM 77 : Found opcode in column 1. (RETLW)
Warning[203] C:\DOCUMENTS AND SETTINGS\MIKROLAB01\DESKTOP\SERKUT\YENI METIN BELGESI.ASM 78 : Found opcode in column 1. (RETLW)
Warning[203] C:\DOCUMENTS AND SETTINGS\MIKROLAB01\DESKTOP\SERKUT\YENI METIN BELGESI.ASM 79 : Found opcode in column 1. (RETLW)
Warning[203] C:\DOCUMENTS AND SETTINGS\MIKROLAB01\DESKTOP\SERKUT\YENI METIN BELGESI.ASM 80 : Found opcode in column 1. (RETLW)
Warning[203] C:\DOCUMENTS AND SETTINGS\MIKROLAB01\DESKTOP\SERKUT\YENI METIN BELGESI.ASM 81 : Found opcode in column 1. (RETLW)
Warning[203] C:\DOCUMENTS AND SETTINGS\MIKROLAB01\DESKTOP\SERKUT\YENI METIN BELGESI.ASM 82 : Found opcode in column 1. (RETLW)
Warning[203] C:\DOCUMENTS AND SETTINGS\MIKROLAB01\DESKTOP\SERKUT\YENI METIN BELGESI.ASM 83 : Found opcode in column 1. (RETLW)
Warning[203] C:\DOCUMENTS AND SETTINGS\MIKROLAB01\DESKTOP\SERKUT\YENI METIN BELGESI.ASM 84 : Found opcode in column 1. (RETLW)
Warning[203] C:\DOCUMENTS AND SETTINGS\MIKROLAB01\DESKTOP\SERKUT\YENI METIN BELGESI.ASM 85 : Found opcode in column 1. (RETLW)
Warning[203] C:\DOCUMENTS AND SETTINGS\MIKROLAB01\DESKTOP\SERKUT\YENI METIN BELGESI.ASM 86 : Found opcode in column 1. (RETLW)
Warning[203] C:\DOCUMENTS AND SETTINGS\MIKROLAB01\DESKTOP\SERKUT\YENI METIN BELGESI.ASM 87 : Found opcode in column 1. (GOTO)
Warning[203] C:\DOCUMENTS AND SETTINGS\MIKROLAB01\DESKTOP\SERKUT\YENI METIN BELGESI.ASM 90 : Found opcode in column 1. (MOVLW)
Warning[203] C:\DOCUMENTS AND SETTINGS\MIKROLAB01\DESKTOP\SERKUT\YENI METIN BELGESI.ASM 91 : Found opcode in column 1. (MOVWF)
Warning[203] C:\DOCUMENTS AND SETTINGS\MIKROLAB01\DESKTOP\SERKUT\YENI METIN BELGESI.ASM 94 : Found opcode in column 1. (MOVLW)
Warning[203] C:\DOCUMENTS AND SETTINGS\MIKROLAB01\DESKTOP\SERKUT\YENI METIN BELGESI.ASM 95 : Found opcode in column 1. (MOVWF)
Warning[203] C:\DOCUMENTS AND SETTINGS\MIKROLAB01\DESKTOP\SERKUT\YENI METIN BELGESI.ASM 98 : Found opcode in column 1. (DECFSZ)
Warning[203] C:\DOCUMENTS AND SETTINGS\MIKROLAB01\DESKTOP\SERKUT\YENI METIN BELGESI.ASM 99 : Found opcode in column 1. (GOTO)
Warning[203] C:\DOCUMENTS AND SETTINGS\MIKROLAB01\DESKTOP\SERKUT\YENI METIN BELGESI.ASM 100 : Found opcode in column 1. (DECFSZ)
Warning[203] C:\DOCUMENTS AND SETTINGS\MIKROLAB01\DESKTOP\SERKUT\YENI METIN BELGESI.ASM 101 : Found opcode in column 1. (GOTO)
Warning[203] C:\DOCUMENTS AND SETTINGS\MIKROLAB01\DESKTOP\SERKUT\YENI METIN BELGESI.ASM 102 : Found opcode in column 1. (RETURN)
Warning[205] C:\DOCUMENTS AND SETTINGS\MIKROLAB01\DESKTOP\SERKUT\YENI METIN BELGESI.ASM 103 : Found directive in column 1. (END)
