Warning[205] C:\DOCUMENTS AND SETTINGS\KULLANICI\DESKTOP\LAB7\LAB8.ASM 1 : Found directive in column 1. (LIST)
Warning[205] C:\DOCUMENTS AND SETTINGS\KULLANICI\DESKTOP\LAB7\LAB8.ASM 2 : Found directive in column 1. (INCLUDE)
Warning[203] C:\DOCUMENTS AND SETTINGS\KULLANICI\DESKTOP\LAB7\LAB8.ASM 6 : Found opcode in column 1. (BSF)
Warning[203] C:\DOCUMENTS AND SETTINGS\KULLANICI\DESKTOP\LAB7\LAB8.ASM 7 : Found opcode in column 1. (MOVLW)
Warning[203] C:\DOCUMENTS AND SETTINGS\KULLANICI\DESKTOP\LAB7\LAB8.ASM 8 : Found opcode in column 1. (MOVWF)
Message[302] C:\DOCUMENTS AND SETTINGS\KULLANICI\DESKTOP\LAB7\LAB8.ASM 8 : Register in operand not in bank 0.  Ensure that bank bits are correct.
Warning[203] C:\DOCUMENTS AND SETTINGS\KULLANICI\DESKTOP\LAB7\LAB8.ASM 9 : Found opcode in column 1. (CLRF)
Message[302] C:\DOCUMENTS AND SETTINGS\KULLANICI\DESKTOP\LAB7\LAB8.ASM 9 : Register in operand not in bank 0.  Ensure that bank bits are correct.
Warning[203] C:\DOCUMENTS AND SETTINGS\KULLANICI\DESKTOP\LAB7\LAB8.ASM 11 : Found opcode in column 1. (BCF)
Warning[203] C:\DOCUMENTS AND SETTINGS\KULLANICI\DESKTOP\LAB7\LAB8.ASM 12 : Found opcode in column 1. (CLRF)
Warning[203] C:\DOCUMENTS AND SETTINGS\KULLANICI\DESKTOP\LAB7\LAB8.ASM 15 : Found opcode in column 1. (MOVLW)
Warning[203] C:\DOCUMENTS AND SETTINGS\KULLANICI\DESKTOP\LAB7\LAB8.ASM 16 : Found opcode in column 1. (MOVWF)
Warning[203] C:\DOCUMENTS AND SETTINGS\KULLANICI\DESKTOP\LAB7\LAB8.ASM 20 : Found opcode in column 1. (BTFSS)
Warning[203] C:\DOCUMENTS AND SETTINGS\KULLANICI\DESKTOP\LAB7\LAB8.ASM 22 : Found opcode in column 1. (GOTO)
Warning[203] C:\DOCUMENTS AND SETTINGS\KULLANICI\DESKTOP\LAB7\LAB8.ASM 23 : Found opcode in column 1. (MOVLW)
Warning[203] C:\DOCUMENTS AND SETTINGS\KULLANICI\DESKTOP\LAB7\LAB8.ASM 24 : Found opcode in column 1. (MOVWF)
Warning[203] C:\DOCUMENTS AND SETTINGS\KULLANICI\DESKTOP\LAB7\LAB8.ASM 26 : Found opcode in column 1. (CALL)
Warning[203] C:\DOCUMENTS AND SETTINGS\KULLANICI\DESKTOP\LAB7\LAB8.ASM 27 : Found opcode in column 1. (CALL)
Warning[203] C:\DOCUMENTS AND SETTINGS\KULLANICI\DESKTOP\LAB7\LAB8.ASM 28 : Found opcode in column 1. (CALL)
Warning[203] C:\DOCUMENTS AND SETTINGS\KULLANICI\DESKTOP\LAB7\LAB8.ASM 29 : Found opcode in column 1. (CALL)
Warning[203] C:\DOCUMENTS AND SETTINGS\KULLANICI\DESKTOP\LAB7\LAB8.ASM 30 : Found opcode in column 1. (CALL)
Warning[203] C:\DOCUMENTS AND SETTINGS\KULLANICI\DESKTOP\LAB7\LAB8.ASM 32 : Found opcode in column 1. (CALL)
Warning[203] C:\DOCUMENTS AND SETTINGS\KULLANICI\DESKTOP\LAB7\LAB8.ASM 33 : Found opcode in column 1. (CALL)
Warning[203] C:\DOCUMENTS AND SETTINGS\KULLANICI\DESKTOP\LAB7\LAB8.ASM 34 : Found opcode in column 1. (CALL)
Warning[203] C:\DOCUMENTS AND SETTINGS\KULLANICI\DESKTOP\LAB7\LAB8.ASM 35 : Found opcode in column 1. (CALL)
Warning[203] C:\DOCUMENTS AND SETTINGS\KULLANICI\DESKTOP\LAB7\LAB8.ASM 36 : Found opcode in column 1. (CALL)
Warning[203] C:\DOCUMENTS AND SETTINGS\KULLANICI\DESKTOP\LAB7\LAB8.ASM 38 : Found opcode in column 1. (CALL)
Warning[203] C:\DOCUMENTS AND SETTINGS\KULLANICI\DESKTOP\LAB7\LAB8.ASM 39 : Found opcode in column 1. (CALL)
Warning[203] C:\DOCUMENTS AND SETTINGS\KULLANICI\DESKTOP\LAB7\LAB8.ASM 40 : Found opcode in column 1. (CALL)
Warning[203] C:\DOCUMENTS AND SETTINGS\KULLANICI\DESKTOP\LAB7\LAB8.ASM 41 : Found opcode in column 1. (CALL)
Warning[203] C:\DOCUMENTS AND SETTINGS\KULLANICI\DESKTOP\LAB7\LAB8.ASM 43 : Found opcode in column 1. (GOTO)
Warning[203] C:\DOCUMENTS AND SETTINGS\KULLANICI\DESKTOP\LAB7\LAB8.ASM 47 : Found opcode in column 1. (MOVLW)
Warning[203] C:\DOCUMENTS AND SETTINGS\KULLANICI\DESKTOP\LAB7\LAB8.ASM 48 : Found opcode in column 1. (MOVWF)
Warning[207] C:\DOCUMENTS AND SETTINGS\KULLANICI\DESKTOP\LAB7\LAB8.ASM 52 : Found label after column 1. (D1)
Warning[203] C:\DOCUMENTS AND SETTINGS\KULLANICI\DESKTOP\LAB7\LAB8.ASM 55 : Found opcode in column 1. (DECFSZ)
Warning[203] C:\DOCUMENTS AND SETTINGS\KULLANICI\DESKTOP\LAB7\LAB8.ASM 56 : Found opcode in column 1. (GOTO)
Warning[203] C:\DOCUMENTS AND SETTINGS\KULLANICI\DESKTOP\LAB7\LAB8.ASM 58 : Found opcode in column 1. (RETURN)
Warning[205] C:\DOCUMENTS AND SETTINGS\KULLANICI\DESKTOP\LAB7\LAB8.ASM 60 : Found directive in column 1. (END)
